[debug] [2023-09-17T09:28:26.677Z] ----------------------------------------------------------------------
[debug] [2023-09-17T09:28:26.683Z] Command:       C:\Program Files (x86)\nodejs\node.exe C:\Users\Salman\AppData\Roaming\npm\node_modules\firebase-tools\lib\bin\firebase.js deploy
[debug] [2023-09-17T09:28:26.684Z] CLI Version:   12.5.3
[debug] [2023-09-17T09:28:26.685Z] Platform:      win32
[debug] [2023-09-17T09:28:26.685Z] Node Version:  v18.16.1
[debug] [2023-09-17T09:28:26.688Z] Time:          Sun Sep 17 2023 05:28:26 GMT-0400 (Eastern Daylight Time)
[debug] [2023-09-17T09:28:26.688Z] ----------------------------------------------------------------------
[debug] 
[debug] [2023-09-17T09:28:26.869Z] > command requires scopes: ["email","openid","https://www.googleapis.com/auth/cloudplatformprojects.readonly","https://www.googleapis.com/auth/firebase","https://www.googleapis.com/auth/cloud-platform"]
[debug] [2023-09-17T09:28:26.870Z] > authorizing via signed-in user (opopopopopopopopolp@gmail.com)
[debug] [2023-09-17T09:28:26.870Z] [iam] checking project shellhaxcks for permissions ["firebase.projects.get","firebasehosting.sites.update"]
[debug] [2023-09-17T09:28:26.874Z] > refreshing access token with scopes: []
[debug] [2023-09-17T09:28:26.878Z] >>> [apiv2][query] POST https://www.googleapis.com/oauth2/v3/token [none]
[debug] [2023-09-17T09:28:26.879Z] >>> [apiv2][body] POST https://www.googleapis.com/oauth2/v3/token [omitted]
[debug] [2023-09-17T09:28:27.287Z] <<< [apiv2][status] POST https://www.googleapis.com/oauth2/v3/token 200
[debug] [2023-09-17T09:28:27.289Z] <<< [apiv2][body] POST https://www.googleapis.com/oauth2/v3/token [omitted]
[debug] [2023-09-17T09:28:27.345Z] >>> [apiv2][query] POST https://cloudresourcemanager.googleapis.com/v1/projects/shellhaxcks:testIamPermissions [none]
[debug] [2023-09-17T09:28:27.345Z] >>> [apiv2][(partial)header] POST https://cloudresourcemanager.googleapis.com/v1/projects/shellhaxcks:testIamPermissions x-goog-quota-user=projects/shellhaxcks
[debug] [2023-09-17T09:28:27.345Z] >>> [apiv2][body] POST https://cloudresourcemanager.googleapis.com/v1/projects/shellhaxcks:testIamPermissions {"permissions":["firebase.projects.get","firebasehosting.sites.update"]}
[debug] [2023-09-17T09:28:27.596Z] <<< [apiv2][status] POST https://cloudresourcemanager.googleapis.com/v1/projects/shellhaxcks:testIamPermissions 200
[debug] [2023-09-17T09:28:27.596Z] <<< [apiv2][body] POST https://cloudresourcemanager.googleapis.com/v1/projects/shellhaxcks:testIamPermissions {"permissions":["firebase.projects.get","firebasehosting.sites.update"]}
[debug] [2023-09-17T09:28:27.600Z] >>> [apiv2][query] GET https://firebase.googleapis.com/v1beta1/projects/shellhaxcks [none]
[debug] [2023-09-17T09:28:28.008Z] <<< [apiv2][status] GET https://firebase.googleapis.com/v1beta1/projects/shellhaxcks 200
[debug] [2023-09-17T09:28:28.009Z] <<< [apiv2][body] GET https://firebase.googleapis.com/v1beta1/projects/shellhaxcks {"projectId":"shellhaxcks","projectNumber":"530122697074","displayName":"SHELLHAXCKS","name":"projects/shellhaxcks","resources":{"hostingSite":"shellhaxcks","realtimeDatabaseInstance":"shellhaxcks-default-rtdb"},"state":"ACTIVE","etag":"1_2764f3d7-060a-496a-9969-ce4fe70b2e3e"}
[info] 
[info] === Deploying to 'shellhaxcks'...
[info] 
[info] i  deploying hosting 
[debug] [2023-09-17T09:28:28.037Z] >>> [apiv2][query] POST https://firebasehosting.googleapis.com/v1beta1/projects/-/sites/shellhaxcks/versions [none]
[debug] [2023-09-17T09:28:28.038Z] >>> [apiv2][body] POST https://firebasehosting.googleapis.com/v1beta1/projects/-/sites/shellhaxcks/versions {"status":"CREATED","labels":{"deployment-tool":"cli-firebase"}}
[debug] [2023-09-17T09:28:28.826Z] <<< [apiv2][status] POST https://firebasehosting.googleapis.com/v1beta1/projects/-/sites/shellhaxcks/versions 200
[debug] [2023-09-17T09:28:28.827Z] <<< [apiv2][body] POST https://firebasehosting.googleapis.com/v1beta1/projects/-/sites/shellhaxcks/versions {"name":"projects/530122697074/sites/shellhaxcks/versions/9b6a4e9c777fad56","status":"CREATED","config":{},"labels":{"deployment-tool":"cli-firebase"}}
[info] i  hosting[shellhaxcks]: beginning deploy... 
[info] i  hosting[shellhaxcks]: found 13 files in front-end/build 
[debug] [2023-09-17T09:28:28.880Z] [hosting] uploading with 200 concurrency
[debug] [2023-09-17T09:28:30.470Z] [hosting] hash cache [ZnJvbnQtZW5kXGJ1aWxk] stored for 13 files
[debug] [2023-09-17T09:28:30.471Z] [hosting][hash queue][FINAL] {"max":1538,"min":14,"avg":161.76923076923077,"active":0,"complete":13,"success":13,"errored":0,"retried":0,"total":13,"elapsed":1561}
[debug] [2023-09-17T09:28:30.472Z] >>> [apiv2][query] POST https://firebasehosting.googleapis.com/v1beta1/projects/530122697074/sites/shellhaxcks/versions/9b6a4e9c777fad56:populateFiles [none]
[debug] [2023-09-17T09:28:30.473Z] >>> [apiv2][body] POST https://firebasehosting.googleapis.com/v1beta1/projects/530122697074/sites/shellhaxcks/versions/9b6a4e9c777fad56:populateFiles {"files":{"/favicon.ico":"eae62e993eb980ec8a25058c39d5a51feab118bd2100c4deebb2a9c158ec11f9\r","/manifest.json":"5c997de1364b8be939319fa9209abd77f2caf7f8844999a9e2e9173f844e7840\r","/robots.txt":"b2090cf9761ef60aa06e4fab97679bd43dfa5e5df073701ead5879d7c68f1ec5\r","/asset-manifest.json":"b11dc795befb179035f280a5ecea14cfa57b39c7b7cea46fa3f7a8f24e5e1036","/index.html":"a74ad4c54994706697e193e44f0785e85c939dfa9ef56e507180b84f1b99faf0","/static/css/main.f2e13017.css":"12d79504c83a859ae9df9f6d6d754b67f9eeefe472632ce543a42577bbdc55ea","/static/js/478.4a5ddf10.chunk.js":"d967f4c2ecd85672ca7ac730ee2f4317da52a56487c7a133040dcde9d93dacd0","/static/css/main.f2e13017.css.map":"7902f3361fc55eaf9ea6bd1744bd970584be5cbaf3b51e27111ae4e9f1296241","/static/js/main.53e39baf.js.LICENSE.txt":"29f4edcdfcdffa191956bed82d0c0743d73ba740b87d068ad649b95224d39a32","/static/js/478.4a5ddf10.chunk.js.map":"e415e9cdfb8c176d02e5838224aa13e922a5cc4d42ecc57d93dab42a1bff29c1","/static/media/image.c21825e66b213638a374.png":"27fafb7998e728ea151445afe824de8ec9260449d8ddae22c86f22f43c06ea01","/static/js/main.53e39baf.js":"a87795a85dc2a944b1dc9145c59433486fec9ddc5fcf8b45819d99c8937fd821","/static/js/main.53e39baf.js.map":"3052775844f299d064c803ad28e3c5090923fb9a0d522849c349b936919579af"}}
[debug] [2023-09-17T09:28:30.881Z] <<< [apiv2][status] POST https://firebasehosting.googleapis.com/v1beta1/projects/530122697074/sites/shellhaxcks/versions/9b6a4e9c777fad56:populateFiles 200
[debug] [2023-09-17T09:28:30.881Z] <<< [apiv2][body] POST https://firebasehosting.googleapis.com/v1beta1/projects/530122697074/sites/shellhaxcks/versions/9b6a4e9c777fad56:populateFiles {"uploadRequiredHashes":["a74ad4c54994706697e193e44f0785e85c939dfa9ef56e507180b84f1b99faf0","12d79504c83a859ae9df9f6d6d754b67f9eeefe472632ce543a42577bbdc55ea","b11dc795befb179035f280a5ecea14cfa57b39c7b7cea46fa3f7a8f24e5e1036","3052775844f299d064c803ad28e3c5090923fb9a0d522849c349b936919579af","7902f3361fc55eaf9ea6bd1744bd970584be5cbaf3b51e27111ae4e9f1296241","a87795a85dc2a944b1dc9145c59433486fec9ddc5fcf8b45819d99c8937fd821","29f4edcdfcdffa191956bed82d0c0743d73ba740b87d068ad649b95224d39a32"],"uploadUrl":"https://upload-firebasehosting.googleapis.com/upload/sites/shellhaxcks/versions/9b6a4e9c777fad56/files"}
[debug] [2023-09-17T09:28:30.888Z] >>> [apiv2][query] POST https://upload-firebasehosting.googleapis.com/upload/sites/shellhaxcks/versions/9b6a4e9c777fad56/files/a74ad4c54994706697e193e44f0785e85c939dfa9ef56e507180b84f1b99faf0 [none]
[debug] [2023-09-17T09:28:30.889Z] >>> [apiv2][body] POST https://upload-firebasehosting.googleapis.com/upload/sites/shellhaxcks/versions/9b6a4e9c777fad56/files/a74ad4c54994706697e193e44f0785e85c939dfa9ef56e507180b84f1b99faf0 [stream]
[debug] [2023-09-17T09:28:30.894Z] >>> [apiv2][query] POST https://upload-firebasehosting.googleapis.com/upload/sites/shellhaxcks/versions/9b6a4e9c777fad56/files/12d79504c83a859ae9df9f6d6d754b67f9eeefe472632ce543a42577bbdc55ea [none]
[debug] [2023-09-17T09:28:30.894Z] >>> [apiv2][body] POST https://upload-firebasehosting.googleapis.com/upload/sites/shellhaxcks/versions/9b6a4e9c777fad56/files/12d79504c83a859ae9df9f6d6d754b67f9eeefe472632ce543a42577bbdc55ea [stream]
[debug] [2023-09-17T09:28:30.898Z] >>> [apiv2][query] POST https://upload-firebasehosting.googleapis.com/upload/sites/shellhaxcks/versions/9b6a4e9c777fad56/files/b11dc795befb179035f280a5ecea14cfa57b39c7b7cea46fa3f7a8f24e5e1036 [none]
[debug] [2023-09-17T09:28:30.899Z] >>> [apiv2][body] POST https://upload-firebasehosting.googleapis.com/upload/sites/shellhaxcks/versions/9b6a4e9c777fad56/files/b11dc795befb179035f280a5ecea14cfa57b39c7b7cea46fa3f7a8f24e5e1036 [stream]
[debug] [2023-09-17T09:28:30.902Z] >>> [apiv2][query] POST https://upload-firebasehosting.googleapis.com/upload/sites/shellhaxcks/versions/9b6a4e9c777fad56/files/3052775844f299d064c803ad28e3c5090923fb9a0d522849c349b936919579af [none]
[debug] [2023-09-17T09:28:30.902Z] >>> [apiv2][body] POST https://upload-firebasehosting.googleapis.com/upload/sites/shellhaxcks/versions/9b6a4e9c777fad56/files/3052775844f299d064c803ad28e3c5090923fb9a0d522849c349b936919579af [stream]
[debug] [2023-09-17T09:28:30.907Z] >>> [apiv2][query] POST https://upload-firebasehosting.googleapis.com/upload/sites/shellhaxcks/versions/9b6a4e9c777fad56/files/7902f3361fc55eaf9ea6bd1744bd970584be5cbaf3b51e27111ae4e9f1296241 [none]
[debug] [2023-09-17T09:28:30.907Z] >>> [apiv2][body] POST https://upload-firebasehosting.googleapis.com/upload/sites/shellhaxcks/versions/9b6a4e9c777fad56/files/7902f3361fc55eaf9ea6bd1744bd970584be5cbaf3b51e27111ae4e9f1296241 [stream]
[debug] [2023-09-17T09:28:30.911Z] >>> [apiv2][query] POST https://upload-firebasehosting.googleapis.com/upload/sites/shellhaxcks/versions/9b6a4e9c777fad56/files/a87795a85dc2a944b1dc9145c59433486fec9ddc5fcf8b45819d99c8937fd821 [none]
[debug] [2023-09-17T09:28:30.912Z] >>> [apiv2][body] POST https://upload-firebasehosting.googleapis.com/upload/sites/shellhaxcks/versions/9b6a4e9c777fad56/files/a87795a85dc2a944b1dc9145c59433486fec9ddc5fcf8b45819d99c8937fd821 [stream]
[debug] [2023-09-17T09:28:30.916Z] >>> [apiv2][query] POST https://upload-firebasehosting.googleapis.com/upload/sites/shellhaxcks/versions/9b6a4e9c777fad56/files/29f4edcdfcdffa191956bed82d0c0743d73ba740b87d068ad649b95224d39a32 [none]
[debug] [2023-09-17T09:28:30.916Z] >>> [apiv2][body] POST https://upload-firebasehosting.googleapis.com/upload/sites/shellhaxcks/versions/9b6a4e9c777fad56/files/29f4edcdfcdffa191956bed82d0c0743d73ba740b87d068ad649b95224d39a32 [stream]
[debug] [2023-09-17T09:28:30.920Z] [hosting][populate queue][FINAL] {"max":421,"min":421,"avg":421,"active":0,"complete":1,"success":1,"errored":0,"retried":0,"total":1,"elapsed":453}
[debug] [2023-09-17T09:28:30.920Z] [hosting] uploads queued: 7
[debug] [2023-09-17T09:28:31.557Z] <<< [apiv2][status] POST https://upload-firebasehosting.googleapis.com/upload/sites/shellhaxcks/versions/9b6a4e9c777fad56/files/b11dc795befb179035f280a5ecea14cfa57b39c7b7cea46fa3f7a8f24e5e1036 200
[debug] [2023-09-17T09:28:31.558Z] <<< [apiv2][body] POST https://upload-firebasehosting.googleapis.com/upload/sites/shellhaxcks/versions/9b6a4e9c777fad56/files/b11dc795befb179035f280a5ecea14cfa57b39c7b7cea46fa3f7a8f24e5e1036 [stream]
[debug] [2023-09-17T09:28:31.601Z] <<< [apiv2][status] POST https://upload-firebasehosting.googleapis.com/upload/sites/shellhaxcks/versions/9b6a4e9c777fad56/files/7902f3361fc55eaf9ea6bd1744bd970584be5cbaf3b51e27111ae4e9f1296241 200
[debug] [2023-09-17T09:28:31.601Z] <<< [apiv2][body] POST https://upload-firebasehosting.googleapis.com/upload/sites/shellhaxcks/versions/9b6a4e9c777fad56/files/7902f3361fc55eaf9ea6bd1744bd970584be5cbaf3b51e27111ae4e9f1296241 [stream]
[debug] [2023-09-17T09:28:31.605Z] <<< [apiv2][status] POST https://upload-firebasehosting.googleapis.com/upload/sites/shellhaxcks/versions/9b6a4e9c777fad56/files/12d79504c83a859ae9df9f6d6d754b67f9eeefe472632ce543a42577bbdc55ea 200
[debug] [2023-09-17T09:28:31.605Z] <<< [apiv2][body] POST https://upload-firebasehosting.googleapis.com/upload/sites/shellhaxcks/versions/9b6a4e9c777fad56/files/12d79504c83a859ae9df9f6d6d754b67f9eeefe472632ce543a42577bbdc55ea [stream]
[debug] [2023-09-17T09:28:31.609Z] <<< [apiv2][status] POST https://upload-firebasehosting.googleapis.com/upload/sites/shellhaxcks/versions/9b6a4e9c777fad56/files/29f4edcdfcdffa191956bed82d0c0743d73ba740b87d068ad649b95224d39a32 200
[debug] [2023-09-17T09:28:31.609Z] <<< [apiv2][body] POST https://upload-firebasehosting.googleapis.com/upload/sites/shellhaxcks/versions/9b6a4e9c777fad56/files/29f4edcdfcdffa191956bed82d0c0743d73ba740b87d068ad649b95224d39a32 [stream]
[debug] [2023-09-17T09:28:31.614Z] <<< [apiv2][status] POST https://upload-firebasehosting.googleapis.com/upload/sites/shellhaxcks/versions/9b6a4e9c777fad56/files/a74ad4c54994706697e193e44f0785e85c939dfa9ef56e507180b84f1b99faf0 200
[debug] [2023-09-17T09:28:31.614Z] <<< [apiv2][body] POST https://upload-firebasehosting.googleapis.com/upload/sites/shellhaxcks/versions/9b6a4e9c777fad56/files/a74ad4c54994706697e193e44f0785e85c939dfa9ef56e507180b84f1b99faf0 [stream]
[debug] [2023-09-17T09:28:31.699Z] <<< [apiv2][status] POST https://upload-firebasehosting.googleapis.com/upload/sites/shellhaxcks/versions/9b6a4e9c777fad56/files/a87795a85dc2a944b1dc9145c59433486fec9ddc5fcf8b45819d99c8937fd821 200
[debug] [2023-09-17T09:28:31.699Z] <<< [apiv2][body] POST https://upload-firebasehosting.googleapis.com/upload/sites/shellhaxcks/versions/9b6a4e9c777fad56/files/a87795a85dc2a944b1dc9145c59433486fec9ddc5fcf8b45819d99c8937fd821 [stream]
[debug] [2023-09-17T09:28:33.019Z] <<< [apiv2][status] POST https://upload-firebasehosting.googleapis.com/upload/sites/shellhaxcks/versions/9b6a4e9c777fad56/files/3052775844f299d064c803ad28e3c5090923fb9a0d522849c349b936919579af 200
[debug] [2023-09-17T09:28:33.020Z] <<< [apiv2][body] POST https://upload-firebasehosting.googleapis.com/upload/sites/shellhaxcks/versions/9b6a4e9c777fad56/files/3052775844f299d064c803ad28e3c5090923fb9a0d522849c349b936919579af [stream]
[debug] [2023-09-17T09:28:33.021Z] [hosting][upload queue][FINAL] {"max":2134,"min":673,"avg":930.1428571428571,"active":0,"complete":7,"success":7,"errored":0,"retried":0,"total":7,"elapsed":2139}
[info] +  hosting[shellhaxcks]: file upload complete 
[debug] [2023-09-17T09:28:33.025Z] [hosting] deploy completed after 4188ms
[debug] [2023-09-17T09:28:33.026Z] [
  {
    "config": {
      "public": "front-end/build",
      "cleanUrls": true,
      "ignore": [
        "firebase.json",
        "**/.*",
        "**/node_modules/**"
      ],
      "rewrites": [
        {
          "source": "**",
          "destination": "index.html"
        }
      ],
      "site": "shellhaxcks"
    },
    "version": "projects/530122697074/sites/shellhaxcks/versions/9b6a4e9c777fad56"
  }
]
[info] i  hosting[shellhaxcks]: finalizing version... 
[debug] [2023-09-17T09:28:33.035Z] >>> [apiv2][query] PATCH https://firebasehosting.googleapis.com/v1beta1/projects/-/sites/shellhaxcks/versions/9b6a4e9c777fad56 updateMask=status%2Cconfig
[debug] [2023-09-17T09:28:33.036Z] >>> [apiv2][body] PATCH https://firebasehosting.googleapis.com/v1beta1/projects/-/sites/shellhaxcks/versions/9b6a4e9c777fad56 {"status":"FINALIZED","config":{"rewrites":[{"glob":"**","path":"index.html"}],"cleanUrls":true}}
[debug] [2023-09-17T09:28:33.539Z] <<< [apiv2][status] PATCH https://firebasehosting.googleapis.com/v1beta1/projects/-/sites/shellhaxcks/versions/9b6a4e9c777fad56 200
[debug] [2023-09-17T09:28:33.540Z] <<< [apiv2][body] PATCH https://firebasehosting.googleapis.com/v1beta1/projects/-/sites/shellhaxcks/versions/9b6a4e9c777fad56 {"name":"projects/530122697074/sites/shellhaxcks/versions/9b6a4e9c777fad56","status":"FINALIZED","config":{"rewrites":[{"glob":"**","path":"index.html"}],"cleanUrls":true},"labels":{"deployment-tool":"cli-firebase"},"createTime":"2023-09-17T09:28:28.417666Z","createUser":{"email":"opopopopopopopopolp@gmail.com"},"finalizeTime":"2023-09-17T09:28:33.455512Z","finalizeUser":{"email":"opopopopopopopopolp@gmail.com"}}
[debug] [2023-09-17T09:28:33.540Z] [hosting] finalized version for shellhaxcks:[object Object]
[info] +  hosting[shellhaxcks]: version finalized 
[info] i  hosting[shellhaxcks]: releasing new version... 
[debug] [2023-09-17T09:28:33.544Z] >>> [apiv2][query] POST https://firebasehosting.googleapis.com/v1beta1/projects/-/sites/shellhaxcks/channels/live/releases versionName=projects%2F530122697074%2Fsites%2Fshellhaxcks%2Fversions%2F9b6a4e9c777fad56
[debug] [2023-09-17T09:28:33.544Z] >>> [apiv2][body] POST https://firebasehosting.googleapis.com/v1beta1/projects/-/sites/shellhaxcks/channels/live/releases {}
[debug] [2023-09-17T09:28:34.047Z] <<< [apiv2][status] POST https://firebasehosting.googleapis.com/v1beta1/projects/-/sites/shellhaxcks/channels/live/releases 200
[debug] [2023-09-17T09:28:34.048Z] <<< [apiv2][body] POST https://firebasehosting.googleapis.com/v1beta1/projects/-/sites/shellhaxcks/channels/live/releases {"name":"projects/530122697074/sites/shellhaxcks/channels/live/releases/1694942913376000","version":{"name":"projects/530122697074/sites/shellhaxcks/versions/9b6a4e9c777fad56","status":"FINALIZED","config":{"rewrites":[{"glob":"**","path":"index.html"}],"cleanUrls":true},"labels":{"deployment-tool":"cli-firebase"},"createTime":"2023-09-17T09:28:28.417666Z","createUser":{"email":"opopopopopopopopolp@gmail.com","imageUrl":"https://lh3.googleusercontent.com/a/ACg8ocLpr8aOvLFcwDnyYyOTtxC7Tf223J8vwyX2Y9zAF-Qziyw"},"finalizeTime":"2023-09-17T09:28:33.455512Z","finalizeUser":{"email":"opopopopopopopopolp@gmail.com","imageUrl":"https://lh3.googleusercontent.com/a/ACg8ocLpr8aOvLFcwDnyYyOTtxC7Tf223J8vwyX2Y9zAF-Qziyw"}},"type":"DEPLOY","releaseTime":"2023-09-17T09:28:33.376Z","releaseUser":{"email":"opopopopopopopopolp@gmail.com","imageUrl":"https://lh3.googleusercontent.com/a/ACg8ocLpr8aOvLFcwDnyYyOTtxC7Tf223J8vwyX2Y9zAF-Qziyw"}}
[debug] [2023-09-17T09:28:34.048Z] [hosting] release: {"name":"projects/530122697074/sites/shellhaxcks/channels/live/releases/1694942913376000","version":{"name":"projects/530122697074/sites/shellhaxcks/versions/9b6a4e9c777fad56","status":"FINALIZED","config":{"rewrites":[{"glob":"**","path":"index.html"}],"cleanUrls":true},"labels":{"deployment-tool":"cli-firebase"},"createTime":"2023-09-17T09:28:28.417666Z","createUser":{"email":"opopopopopopopopolp@gmail.com","imageUrl":"https://lh3.googleusercontent.com/a/ACg8ocLpr8aOvLFcwDnyYyOTtxC7Tf223J8vwyX2Y9zAF-Qziyw"},"finalizeTime":"2023-09-17T09:28:33.455512Z","finalizeUser":{"email":"opopopopopopopopolp@gmail.com","imageUrl":"https://lh3.googleusercontent.com/a/ACg8ocLpr8aOvLFcwDnyYyOTtxC7Tf223J8vwyX2Y9zAF-Qziyw"}},"type":"DEPLOY","releaseTime":"2023-09-17T09:28:33.376Z","releaseUser":{"email":"opopopopopopopopolp@gmail.com","imageUrl":"https://lh3.googleusercontent.com/a/ACg8ocLpr8aOvLFcwDnyYyOTtxC7Tf223J8vwyX2Y9zAF-Qziyw"}}
[info] +  hosting[shellhaxcks]: release complete 
[info] 
[info] +  Deploy complete! 
[info] 
[info] Project Console: https://console.firebase.google.com/project/shellhaxcks/overview
[info] Hosting URL: https://shellhaxcks.web.app
[debug] [2023-09-17T09:28:40.695Z] Error: Timed out.
    at Timeout._onTimeout (C:\Users\Salman\AppData\Roaming\npm\node_modules\firebase-tools\lib\utils.js:254:49)
    at listOnTimeout (node:internal/timers:569:17)
    at process.processTimers (node:internal/timers:512:7)
[error] 
[error] Error: An unexpected error has occurred.
